mode: set
github.com/adamjr36/go-auth/auth.go:13.52,19.2 1 1
github.com/adamjr36/go-auth/auth.go:22.82,28.2 1 1
github.com/adamjr36/go-auth/auth.go:31.96,33.96 1 1
github.com/adamjr36/go-auth/auth.go:33.96,35.58 1 1
github.com/adamjr36/go-auth/auth.go:35.58,37.4 1 1
github.com/adamjr36/go-auth/auth.go:38.3,38.31 1 1
github.com/adamjr36/go-auth/auth.go:41.2,41.16 1 1
github.com/adamjr36/go-auth/auth.go:41.16,42.42 1 1
github.com/adamjr36/go-auth/auth.go:42.42,44.4 1 1
github.com/adamjr36/go-auth/auth.go:45.3,45.29 1 1
github.com/adamjr36/go-auth/auth.go:49.2,49.61 1 1
github.com/adamjr36/go-auth/auth.go:49.61,51.22 1 1
github.com/adamjr36/go-auth/auth.go:51.22,53.4 1 1
github.com/adamjr36/go-auth/auth.go:54.3,54.24 1 1
github.com/adamjr36/go-auth/auth.go:57.2,57.28 1 0
github.com/adamjr36/go-auth/auth.go:62.111,64.97 1 1
github.com/adamjr36/go-auth/auth.go:64.97,65.58 1 1
github.com/adamjr36/go-auth/auth.go:65.58,67.4 1 1
github.com/adamjr36/go-auth/auth.go:68.3,68.31 1 1
github.com/adamjr36/go-auth/auth.go:71.2,71.16 1 1
github.com/adamjr36/go-auth/auth.go:71.16,74.3 2 1
github.com/adamjr36/go-auth/auth.go:77.2,78.25 2 1
github.com/adamjr36/go-auth/auth.go:78.25,81.3 2 0
github.com/adamjr36/go-auth/auth.go:84.2,85.54 2 1
github.com/adamjr36/go-auth/auth.go:85.54,88.3 2 1
github.com/adamjr36/go-auth/auth.go:92.2,92.70 1 1
github.com/adamjr36/go-auth/auth.go:92.70,95.3 2 1
github.com/adamjr36/go-auth/auth.go:98.2,99.16 2 1
github.com/adamjr36/go-auth/auth.go:99.16,102.3 2 0
github.com/adamjr36/go-auth/auth.go:105.2,105.81 1 1
github.com/adamjr36/go-auth/auth.go:105.81,108.3 2 1
github.com/adamjr36/go-auth/auth.go:110.2,110.45 1 1
github.com/adamjr36/go-auth/auth.go:115.98,117.15 1 1
github.com/adamjr36/go-auth/auth.go:117.15,119.3 1 1
github.com/adamjr36/go-auth/auth.go:120.2,120.20 1 1
github.com/adamjr36/go-auth/auth.go:120.20,122.3 1 1
github.com/adamjr36/go-auth/auth.go:125.2,126.16 2 1
github.com/adamjr36/go-auth/auth.go:126.16,128.3 1 0
github.com/adamjr36/go-auth/auth.go:131.2,132.16 2 1
github.com/adamjr36/go-auth/auth.go:132.16,134.3 1 1
github.com/adamjr36/go-auth/auth.go:136.2,136.20 1 1
github.com/adamjr36/go-auth/auth.go:140.121,143.16 2 1
github.com/adamjr36/go-auth/auth.go:143.16,145.3 1 1
github.com/adamjr36/go-auth/auth.go:148.2,149.16 2 1
github.com/adamjr36/go-auth/auth.go:149.16,151.3 1 1
github.com/adamjr36/go-auth/auth.go:154.2,155.16 2 1
github.com/adamjr36/go-auth/auth.go:155.16,157.3 1 0
github.com/adamjr36/go-auth/auth.go:161.2,161.71 1 1
github.com/adamjr36/go-auth/auth.go:161.71,163.3 1 1
github.com/adamjr36/go-auth/auth.go:165.2,165.46 1 1
github.com/adamjr36/go-auth/auth.go:169.82,191.16 7 1
github.com/adamjr36/go-auth/auth.go:191.16,193.3 1 0
github.com/adamjr36/go-auth/auth.go:196.2,211.16 5 1
github.com/adamjr36/go-auth/auth.go:211.16,213.3 1 0
github.com/adamjr36/go-auth/auth.go:215.2,215.69 1 1
github.com/adamjr36/go-auth/auth.go:220.81,222.2 1 1
github.com/adamjr36/go-auth/auth.go:226.78,228.2 1 1
github.com/adamjr36/go-auth/auth.go:232.78,234.2 1 1
github.com/adamjr36/go-auth/passwords.go:11.52,13.24 1 1
github.com/adamjr36/go-auth/passwords.go:13.24,15.3 1 1
github.com/adamjr36/go-auth/passwords.go:18.2,19.16 2 1
github.com/adamjr36/go-auth/passwords.go:19.16,21.3 1 0
github.com/adamjr36/go-auth/passwords.go:22.2,22.27 1 1
github.com/adamjr36/go-auth/passwords.go:26.67,27.29 1 1
github.com/adamjr36/go-auth/passwords.go:27.29,29.3 1 1
github.com/adamjr36/go-auth/passwords.go:30.2,30.85 1 1
github.com/adamjr36/go-auth/types.go:113.39,119.2 1 1
